\BOOKMARK [1][-]{section.1}{\376\377\000I\000n\000t\000r\000o\000d\000u\000c\000t\000i\000o\000n}{}% 1
\BOOKMARK [1][-]{section.2}{\376\377\000T\000h\000e\000\040\000P\000r\000o\000b\000l\000e\000m\000:\000\040\000E\000t\000h\000e\000r\000e\000u\000m\000\040\000L\000a\000y\000e\000r\000\040\0001\000\040\000D\000o\000e\000s\000\040\000N\000o\000t\000\040\000S\000c\000a\000l\000e}{}% 2
\BOOKMARK [1][-]{section.3}{\376\377\000W\000h\000a\000t\000\040\000I\000s\000\040\000a\000n\000\040\000O\000p\000t\000i\000m\000i\000s\000t\000i\000c\000\040\000R\000o\000l\000l\000u\000p\000?}{}% 3
\BOOKMARK [2][-]{subsection.3.1}{\376\377\000T\000r\000a\000n\000s\000a\000c\000t\000i\000o\000n\000\040\000L\000i\000f\000e\000c\000y\000c\000l\000e}{section.3}% 4
\BOOKMARK [1][-]{section.4}{\376\377\000C\000o\000r\000e\000\040\000A\000r\000c\000h\000i\000t\000e\000c\000t\000u\000r\000e}{}% 5
\BOOKMARK [2][-]{subsection.4.1}{\376\377\000S\000e\000q\000u\000e\000n\000c\000e\000r}{section.4}% 6
\BOOKMARK [2][-]{subsection.4.2}{\376\377\000S\000t\000a\000t\000e\000\040\000R\000o\000o\000t\000,\000\040\000C\000h\000a\000l\000l\000e\000n\000g\000e\000r\000s\000,\000\040\000a\000n\000d\000\040\000L\0001\000\040\000C\000o\000n\000t\000r\000a\000c\000t\000s}{section.4}% 7
\BOOKMARK [1][-]{section.5}{\376\377\000F\000r\000a\000u\000d\000\040\000P\000r\000o\000o\000f\000s\000:\000\040\000T\000h\000e\000\040\000C\000o\000r\000e\000\040\000S\000e\000c\000u\000r\000i\000t\000y\000\040\000M\000e\000c\000h\000a\000n\000i\000s\000m}{}% 8
\BOOKMARK [2][-]{subsection.5.1}{\376\377\000N\000o\000n\000-\000I\000n\000t\000e\000r\000a\000c\000t\000i\000v\000e\000\040\000F\000r\000a\000u\000d\000\040\000P\000r\000o\000o\000f\000s}{section.5}% 9
\BOOKMARK [2][-]{subsection.5.2}{\376\377\000I\000n\000t\000e\000r\000a\000c\000t\000i\000v\000e\000\040\000F\000r\000a\000u\000d\000\040\000P\000r\000o\000o\000f\000s\000\040\000\050\000B\000i\000s\000e\000c\000t\000i\000o\000n\000\040\000G\000a\000m\000e\000s\000\051}{section.5}% 10
\BOOKMARK [2][-]{subsection.5.3}{\376\377\000B\000o\000n\000d\000s\000\040\000a\000n\000d\000\040\000E\000c\000o\000n\000o\000m\000i\000c\000\040\000S\000e\000c\000u\000r\000i\000t\000y}{section.5}% 11
\BOOKMARK [1][-]{section.6}{\376\377\000P\000r\000o\000d\000u\000c\000t\000i\000o\000n\000\040\000C\000o\000m\000p\000a\000r\000i\000s\000o\000n\000:\000\040\000A\000r\000b\000i\000t\000r\000u\000m\000\040\000\050\000B\000o\000L\000D\000\051\000\040\000v\000s\000.\000\040\000O\000p\000t\000i\000m\000i\000s\000m\000\040\000\050\000C\000a\000n\000n\000o\000n\000\051}{}% 12
\BOOKMARK [2][-]{subsection.6.1}{\376\377\000A\000r\000b\000i\000t\000r\000u\000m\000:\000\040\000B\000o\000L\000D}{section.6}% 13
\BOOKMARK [2][-]{subsection.6.2}{\376\377\000O\000p\000t\000i\000m\000i\000s\000m\000:\000\040\000C\000a\000n\000n\000o\000n}{section.6}% 14
\BOOKMARK [1][-]{section.7}{\376\377\000D\000a\000t\000a\000\040\000A\000v\000a\000i\000l\000a\000b\000i\000l\000i\000t\000y\000\040\000a\000n\000d\000\040\000E\000I\000P\000-\0004\0008\0004\0004}{}% 15
\BOOKMARK [2][-]{subsection.7.1}{\376\377\000E\000I\000P\000-\0004\0008\0004\0004\000\040\000\050\000P\000r\000o\000t\000o\000-\000D\000a\000n\000k\000s\000h\000a\000r\000d\000i\000n\000g\000\051}{section.7}% 16
\BOOKMARK [1][-]{section.8}{\376\377\000O\000p\000t\000i\000m\000i\000s\000t\000i\000c\000\040\000v\000s\000.\000\040\000Z\000e\000r\000o\000-\000K\000n\000o\000w\000l\000e\000d\000g\000e\000\040\000R\000o\000l\000l\000u\000p\000s}{}% 17
\BOOKMARK [1][-]{section.9}{\376\377\000I\000m\000p\000l\000e\000m\000e\000n\000t\000a\000t\000i\000o\000n\000:\000\040\000S\000y\000s\000t\000e\000m\000\040\000O\000v\000e\000r\000v\000i\000e\000w}{}% 18
\BOOKMARK [2][-]{subsection.9.1}{\376\377\000S\000i\000m\000p\000l\000i\000f\000i\000e\000d\000\040\000S\000t\000a\000t\000e\000\040\000M\000o\000d\000e\000l\000:\000\040\000D\000e\000l\000t\000a\000s\000\040\000I\000n\000s\000t\000e\000a\000d\000\040\000o\000f\000\040\000M\000e\000r\000k\000l\000e\000\040\000R\000o\000o\000t\000s}{section.9}% 19
\BOOKMARK [1][-]{section.10}{\376\377\000T\000h\000e\000\040\000I\000n\000t\000e\000r\000a\000c\000t\000i\000v\000e\000O\000p\000t\000i\000m\000i\000s\000t\000i\000c\000R\000o\000l\000l\000u\000p\000\040\000C\000o\000n\000t\000r\000a\000c\000t}{}% 20
\BOOKMARK [2][-]{subsection.10.1}{\376\377\000C\000o\000r\000e\000\040\000S\000t\000a\000t\000e\000\040\000V\000a\000r\000i\000a\000b\000l\000e\000s}{section.10}% 21
\BOOKMARK [2][-]{subsection.10.2}{\376\377\000K\000e\000y\000\040\000F\000u\000n\000c\000t\000i\000o\000n\000s}{section.10}% 22
\BOOKMARK [2][-]{subsection.10.3}{\376\377\000B\000i\000s\000e\000c\000t\000i\000o\000n\000\040\000S\000t\000a\000t\000e\000\040\000M\000a\000c\000h\000i\000n\000e}{section.10}% 23
\BOOKMARK [1][-]{section.11}{\376\377\000R\000u\000n\000n\000e\000r\000\040\000S\000c\000r\000i\000p\000t\000s\000:\000\040\000S\000e\000q\000u\000e\000n\000c\000e\000r\000\040\000a\000n\000d\000\040\000C\000h\000a\000l\000l\000e\000n\000g\000e\000r}{}% 24
\BOOKMARK [1][-]{section.12}{\376\377\000D\000e\000m\000o\000n\000s\000t\000r\000a\000t\000i\000o\000n\000\040\000o\000n\000\040\000B\000a\000s\000e\000\040\000S\000e\000p\000o\000l\000i\000a\000:\000\040\000W\000a\000l\000k\000t\000h\000r\000o\000u\000g\000h\000\040\000a\000n\000d\000\040\000O\000n\000-\000C\000h\000a\000i\000n\000\040\000R\000e\000s\000u\000l\000t\000s}{}% 25
\BOOKMARK [2][-]{subsection.12.1}{\376\377\000D\000e\000m\000o\000\040\000S\000c\000e\000n\000a\000r\000i\000o\000:\000\040\000S\000e\000q\000u\000e\000n\000c\000e\000r\000\040\000C\000o\000m\000m\000i\000t\000s\000\040\000F\000r\000a\000u\000d}{section.12}% 26
\BOOKMARK [2][-]{subsection.12.2}{\376\377\000T\000r\000a\000n\000s\000a\000c\000t\000i\000o\000n\000\040\000S\000e\000q\000u\000e\000n\000c\000e\000\040\000a\000n\000d\000\040\000G\000a\000s\000\040\000C\000o\000s\000t\000s}{section.12}% 27
\BOOKMARK [2][-]{subsection.12.3}{\376\377\000S\000u\000m\000m\000a\000r\000y\000\040\000o\000f\000\040\000R\000e\000s\000u\000l\000t\000s}{section.12}% 28
\BOOKMARK [1][-]{section.13}{\376\377\000D\000i\000s\000c\000u\000s\000s\000i\000o\000n\000:\000\040\000T\000r\000a\000d\000e\000-\000o\000f\000f\000s\000\040\000o\000f\000\040\000t\000h\000e\000\040\000I\000m\000p\000l\000e\000m\000e\000n\000t\000a\000t\000i\000o\000n}{}% 29
\BOOKMARK [2][-]{subsection.13.1}{\376\377\000D\000e\000l\000t\000a\000\040\000M\000o\000d\000e\000l\000\040\000v\000s\000.\000\040\000R\000e\000a\000l\000\040\000S\000t\000a\000t\000e\040\024\000a\000n\000d\000\040\000W\000h\000a\000t\000\040\000M\000e\000r\000k\000l\000e\000\040\000C\000o\000m\000m\000i\000t\000m\000e\000n\000t\000\040\000W\000o\000u\000l\000d\000\040\000R\000e\000q\000u\000i\000r\000e}{section.13}% 30
\BOOKMARK [2][-]{subsection.13.2}{\376\377\000W\000h\000a\000t\000\040\000W\000e\000\040\000D\000i\000d\000\040\000R\000i\000g\000h\000t}{section.13}% 31
\BOOKMARK [1][-]{section.14}{\376\377\000F\000u\000t\000u\000r\000e\000\040\000W\000o\000r\000k}{}% 32
\BOOKMARK [1][-]{section.15}{\376\377\000C\000o\000n\000c\000l\000u\000s\000i\000o\000n}{}% 33
